0 info it worked if it ends with ok
1 warn npm npm does not support Node.js v10.15.2
2 warn npm You should probably upgrade to a newer version of node as we
3 warn npm can't make any promises that npm will work with this version.
4 warn npm Supported releases of Node.js are the latest release of 4, 6, 7, 8, 9.
5 warn npm You can find the latest version at https://nodejs.org/
6 verbose cli [ '/usr/bin/node', '/usr/bin/npm', 'install', 'pm2@latest', '-g' ]
7 info using npm@5.8.0
8 info using node@v10.15.2
9 verbose npm-session d0b5a64cb26c63b8
10 silly install loadCurrentTree
11 silly install readGlobalPackageData
12 http fetch GET 200 https://registry.npmjs.org/pm2 581ms
13 silly pacote tag manifest for pm2@latest fetched in 810ms
14 silly install loadIdealTree
15 silly install cloneCurrentTreeToIdealTree
16 silly install loadShrinkwrap
17 silly install loadAllDepsIntoIdealTree
18 silly resolveWithNewModule pm2@4.2.3 checking installable status
19 http fetch GET 200 https://registry.npmjs.org/chalk 430ms
20 http fetch GET 200 https://registry.npmjs.org/cli-table-redemption 427ms
21 http fetch GET 200 https://registry.npmjs.org/blessed 438ms
22 http fetch GET 200 https://registry.npmjs.org/async 454ms
23 http fetch GET 200 https://registry.npmjs.org/commander 430ms
24 http fetch GET 200 https://registry.npmjs.org/chokidar 498ms
25 silly pacote version manifest for commander@2.15.1 fetched in 617ms
26 silly resolveWithNewModule commander@2.15.1 checking installable status
27 silly pacote version manifest for cli-table-redemption@1.0.1 fetched in 629ms
28 silly resolveWithNewModule cli-table-redemption@1.0.1 checking installable status
29 silly pacote version manifest for chalk@2.4.2 fetched in 813ms
30 silly resolveWithNewModule chalk@2.4.2 checking installable status
31 silly pacote range manifest for async@^3.1.0 fetched in 825ms
32 silly resolveWithNewModule async@3.1.1 checking installable status
33 silly pacote range manifest for chokidar@^3.2.0 fetched in 836ms
34 silly resolveWithNewModule chokidar@3.3.1 checking installable status
35 http fetch GET 200 https://registry.npmjs.org/blessed/-/blessed-0.1.81.tgz 486ms
36 http fetch GET 200 https://registry.npmjs.org/cron 278ms
37 silly pacote version manifest for blessed@0.1.81 fetched in 1109ms
38 silly resolveWithNewModule blessed@0.1.81 checking installable status
39 http fetch GET 200 https://registry.npmjs.org/debug 286ms
40 http fetch GET 200 https://registry.npmjs.org/eventemitter2 271ms
41 http fetch GET 200 https://registry.npmjs.org/@pm2%2fagent 1182ms
42 http fetch GET 200 https://registry.npmjs.org/date-fns 379ms
43 http fetch GET 200 https://registry.npmjs.org/@pm2%2fpm2-version-check 1312ms
44 http fetch GET 200 https://registry.npmjs.org/@pm2%2fjs-api 1327ms
45 silly pacote version manifest for cron@1.7.1 fetched in 520ms
46 silly resolveWithNewModule cron@1.7.1 checking installable status
47 http fetch GET 200 https://registry.npmjs.org/@pm2%2fio 1346ms
48 silly pacote version manifest for debug@4.1.1 fetched in 522ms
49 silly resolveWithNewModule debug@4.1.1 checking installable status
50 silly pacote range manifest for @pm2/agent@^0.5.26 fetched in 1388ms
51 silly resolveWithNewModule @pm2/agent@0.5.26 checking installable status
52 silly pacote version manifest for date-fns@1.30.1 fetched in 578ms
53 silly resolveWithNewModule date-fns@1.30.1 checking installable status
54 http fetch GET 200 https://registry.npmjs.org/fclone 244ms
55 http fetch GET 200 https://registry.npmjs.org/eventemitter2/-/eventemitter2-5.0.1.tgz 279ms
56 silly pacote tag manifest for @pm2/pm2-version-check@latest fetched in 1533ms
57 silly resolveWithNewModule @pm2/pm2-version-check@1.0.3 checking installable status
58 silly pacote range manifest for @pm2/io@^4.3.2 fetched in 1546ms
59 silly resolveWithNewModule @pm2/io@4.3.3 checking installable status
60 silly pacote range manifest for @pm2/js-api@^0.5.60 fetched in 1561ms
61 silly resolveWithNewModule @pm2/js-api@0.5.60 checking installable status
62 silly pacote version manifest for fclone@1.0.11 fetched in 459ms
63 silly resolveWithNewModule fclone@1.0.11 checking installable status
64 http fetch GET 200 https://registry.npmjs.org/mkdirp 317ms
65 silly pacote version manifest for eventemitter2@5.0.1 fetched in 837ms
66 silly resolveWithNewModule eventemitter2@5.0.1 checking installable status
67 http fetch GET 200 https://registry.npmjs.org/lodash 336ms
68 http fetch GET 200 https://registry.npmjs.org/moment 322ms
69 http fetch GET 200 https://registry.npmjs.org/needle 323ms
70 http fetch GET 200 https://registry.npmjs.org/pidusage 317ms
71 http fetch GET 200 https://registry.npmjs.org/pm2-axon 320ms
72 http fetch GET 200 https://registry.npmjs.org/pm2-axon-rpc 312ms
73 silly pacote version manifest for moment@2.24.0 fetched in 517ms
74 silly resolveWithNewModule moment@2.24.0 checking installable status
75 silly pacote version manifest for lodash@4.17.14 fetched in 543ms
76 silly resolveWithNewModule lodash@4.17.14 checking installable status
77 silly pacote version manifest for needle@2.4.0 fetched in 509ms
78 silly resolveWithNewModule needle@2.4.0 checking installable status
79 http fetch GET 200 https://registry.npmjs.org/pm2-deploy 275ms
80 http fetch GET 200 https://registry.npmjs.org/pm2-multimeter 250ms
81 http fetch GET 200 https://registry.npmjs.org/mkdirp/-/mkdirp-0.5.1.tgz 253ms
82 http fetch GET 200 https://registry.npmjs.org/enquirer 1147ms
83 silly pacote version manifest for pm2-axon@3.3.0 fetched in 460ms
84 silly resolveWithNewModule pm2-axon@3.3.0 checking installable status
85 silly pacote version manifest for pidusage@2.0.17 fetched in 493ms
86 silly resolveWithNewModule pidusage@2.0.17 checking installable status
87 silly pacote version manifest for pm2-axon-rpc@0.5.1 fetched in 484ms
88 silly resolveWithNewModule pm2-axon-rpc@0.5.1 checking installable status
89 silly pacote range manifest for pm2-deploy@^0.4.0 fetched in 441ms
90 silly resolveWithNewModule pm2-deploy@0.4.0 checking installable status
91 silly pacote version manifest for mkdirp@0.5.1 fetched in 788ms
92 silly resolveWithNewModule mkdirp@0.5.1 checking installable status
93 silly pacote range manifest for pm2-multimeter@^0.1.2 fetched in 447ms
94 silly resolveWithNewModule pm2-multimeter@0.1.2 checking installable status
95 http fetch GET 200 https://registry.npmjs.org/promptly 254ms
96 silly pacote range manifest for enquirer@^2.3.2 fetched in 1382ms
97 silly resolveWithNewModule enquirer@2.3.4 checking installable status
98 http fetch GET 200 https://registry.npmjs.org/semver 298ms
99 http fetch GET 200 https://registry.npmjs.org/shelljs 229ms
100 http fetch GET 200 https://registry.npmjs.org/source-map-support 304ms
101 http fetch GET 200 https://registry.npmjs.org/sprintf-js 303ms
102 silly pacote range manifest for promptly@^2 fetched in 481ms
103 silly resolveWithNewModule promptly@2.2.0 checking installable status
104 http fetch GET 200 https://registry.npmjs.org/vizion 310ms
105 http fetch GET 200 https://registry.npmjs.org/yamljs 217ms
106 silly pacote range manifest for semver@^5.5 fetched in 492ms
107 silly resolveWithNewModule semver@5.7.1 checking installable status
108 silly pacote version manifest for shelljs@0.8.3 fetched in 416ms
109 silly resolveWithNewModule shelljs@0.8.3 checking installable status
110 http fetch GET 200 https://registry.npmjs.org/systeminformation 247ms
111 silly pacote version manifest for source-map-support@0.5.12 fetched in 457ms
112 silly resolveWithNewModule source-map-support@0.5.12 checking installable status
113 silly pacote version manifest for sprintf-js@1.1.2 fetched in 455ms
114 silly resolveWithNewModule sprintf-js@1.1.2 checking installable status
115 silly pacote range manifest for vizion@~2.0.2 fetched in 427ms
116 silly resolveWithNewModule vizion@2.0.2 checking installable status
117 silly pacote version manifest for yamljs@0.3.0 fetched in 336ms
118 silly resolveWithNewModule yamljs@0.3.0 checking installable status
119 silly pacote range manifest for systeminformation@^4.14.16 fetched in 350ms
120 silly resolveWithNewModule systeminformation@4.21.0 checking installable status
121 http fetch GET 200 https://registry.npmjs.org/ps-list 813ms
122 silly pacote version manifest for ps-list@6.3.0 fetched in 825ms
123 silly resolveWithNewModule ps-list@6.3.0 checking installable status
124 silly pacote range manifest for async@^2.6.0 fetched in 30ms
125 silly resolveWithNewModule async@2.6.3 checking installable status
126 http fetch GET 200 https://registry.npmjs.org/nssocket 101ms
127 http fetch GET 200 https://registry.npmjs.org/proxy-agent 109ms
128 http fetch GET 200 https://registry.npmjs.org/ws 113ms
129 silly pacote range manifest for nssocket@^0.6.0 fetched in 152ms
130 silly resolveWithNewModule nssocket@0.6.0 checking installable status
131 silly pacote range manifest for proxy-agent@^3.1.0 fetched in 154ms
132 silly resolveWithNewModule proxy-agent@3.1.1 checking installable status
133 silly pacote range manifest for ws@^5.1.0 fetched in 155ms
134 silly resolveWithNewModule ws@5.2.2 checking installable status
135 http fetch GET 200 https://registry.npmjs.org/ansi-styles 96ms
136 http fetch GET 200 https://registry.npmjs.org/escape-string-regexp 100ms
137 http fetch GET 200 https://registry.npmjs.org/supports-color 105ms
138 silly pacote range manifest for ansi-styles@^3.2.1 fetched in 137ms
139 silly resolveWithNewModule ansi-styles@3.2.1 checking installable status
140 silly pacote range manifest for supports-color@^5.3.0 fetched in 137ms
141 silly resolveWithNewModule supports-color@5.5.0 checking installable status
142 http fetch GET 200 https://registry.npmjs.org/escape-string-regexp/-/escape-string-regexp-1.0.5.tgz 67ms
143 silly pacote range manifest for escape-string-regexp@^1.0.5 fetched in 190ms
144 silly resolveWithNewModule escape-string-regexp@1.0.5 checking installable status
145 http fetch GET 200 https://registry.npmjs.org/color-convert 49ms
146 silly pacote range manifest for color-convert@^1.9.0 fetched in 63ms
147 silly resolveWithNewModule color-convert@1.9.3 checking installable status
148 http fetch GET 200 https://registry.npmjs.org/color-name 44ms
149 http fetch GET 200 https://registry.npmjs.org/color-name/-/color-name-1.1.3.tgz 73ms
150 silly pacote version manifest for color-name@1.1.3 fetched in 130ms
151 silly resolveWithNewModule color-name@1.1.3 checking installable status
152 http fetch GET 200 https://registry.npmjs.org/has-flag 39ms
153 http fetch GET 200 https://registry.npmjs.org/has-flag/-/has-flag-3.0.0.tgz 46ms
154 silly pacote range manifest for has-flag@^3.0.0 fetched in 98ms
155 silly resolveWithNewModule has-flag@3.0.0 checking installable status
156 http fetch GET 200 https://registry.npmjs.org/eventemitter2/-/eventemitter2-0.4.14.tgz 56ms
157 http fetch GET 200 https://registry.npmjs.org/lazy 68ms
158 silly pacote range manifest for eventemitter2@~0.4.14 fetched in 89ms
159 silly resolveWithNewModule eventemitter2@0.4.14 checking installable status
160 silly pacote range manifest for lazy@~1.0.11 fetched in 95ms
161 silly resolveWithNewModule lazy@1.0.11 checking installable status
162 silly pacote range manifest for debug@^3.0 fetched in 26ms
163 silly resolveWithNewModule debug@3.2.6 checking installable status
164 http fetch GET 200 https://registry.npmjs.org/escape-regexp 74ms
165 http fetch GET 200 https://registry.npmjs.org/amp-message 79ms
166 http fetch GET 200 https://registry.npmjs.org/amp 86ms
167 silly pacote version manifest for escape-regexp@0.0.1 fetched in 109ms
168 silly resolveWithNewModule escape-regexp@0.0.1 checking installable status
169 silly pacote range manifest for amp-message@~0.1.1 fetched in 112ms
170 silly resolveWithNewModule amp-message@0.1.2 checking installable status
171 silly pacote range manifest for amp@~0.3.1 fetched in 113ms
172 silly resolveWithNewModule amp@0.3.1 checking installable status
173 http fetch GET 200 https://registry.npmjs.org/ms 46ms
174 silly pacote range manifest for ms@^2.1.1 fetched in 61ms
175 silly resolveWithNewModule ms@2.1.2 checking installable status
176 silly pacote range manifest for debug@^3.0 fetched in 8ms
177 silly resolveWithNewModule debug@3.2.6 checking installable status
178 http fetch GET 200 https://registry.npmjs.org/lru-cache 134ms
179 http fetch GET 200 https://registry.npmjs.org/socks-proxy-agent 133ms
180 http fetch GET 200 https://registry.npmjs.org/proxy-from-env 141ms
181 http fetch GET 200 https://registry.npmjs.org/https-proxy-agent 147ms
182 http fetch GET 200 https://registry.npmjs.org/http-proxy-agent 150ms
183 http fetch GET 200 https://registry.npmjs.org/agent-base 163ms
184 silly pacote range manifest for https-proxy-agent@^3.0.0 fetched in 199ms
185 silly resolveWithNewModule https-proxy-agent@3.0.1 checking installable status
186 silly pacote range manifest for http-proxy-agent@^2.1.0 fetched in 204ms
187 silly resolveWithNewModule http-proxy-agent@2.1.0 checking installable status
188 silly pacote range manifest for lru-cache@^5.1.1 fetched in 205ms
189 silly resolveWithNewModule lru-cache@5.1.1 checking installable status
190 silly pacote range manifest for socks-proxy-agent@^4.0.1 fetched in 203ms
191 silly resolveWithNewModule socks-proxy-agent@4.0.2 checking installable status
192 silly pacote range manifest for proxy-from-env@^1.0.0 fetched in 207ms
193 silly resolveWithNewModule proxy-from-env@1.0.0 checking installable status
194 silly pacote range manifest for agent-base@^4.2.0 fetched in 219ms
195 silly resolveWithNewModule agent-base@4.3.0 checking installable status
196 http fetch GET 200 https://registry.npmjs.org/pac-proxy-agent 1026ms
197 silly pacote range manifest for pac-proxy-agent@^3.0.1 fetched in 1047ms
198 silly resolveWithNewModule pac-proxy-agent@3.0.1 checking installable status
199 http fetch GET 200 https://registry.npmjs.org/es6-promisify 45ms
200 http fetch GET 200 https://registry.npmjs.org/es6-promisify/-/es6-promisify-5.0.0.tgz 56ms
201 silly pacote range manifest for es6-promisify@^5.0.0 fetched in 120ms
202 silly resolveWithNewModule es6-promisify@5.0.0 checking installable status
203 http fetch GET 200 https://registry.npmjs.org/es6-promise 50ms
204 silly pacote range manifest for es6-promise@^4.0.3 fetched in 64ms
205 silly resolveWithNewModule es6-promise@4.2.8 checking installable status
206 http fetch GET 200 https://registry.npmjs.org/debug/-/debug-3.1.0.tgz 51ms
207 silly pacote version manifest for debug@3.1.0 fetched in 65ms
208 silly resolveWithNewModule debug@3.1.0 checking installable status
209 http fetch GET 200 https://registry.npmjs.org/ms/-/ms-2.0.0.tgz 42ms
210 silly pacote version manifest for ms@2.0.0 fetched in 54ms
211 silly resolveWithNewModule ms@2.0.0 checking installable status
212 silly pacote range manifest for debug@^3.1.0 fetched in 6ms
213 silly resolveWithNewModule debug@3.2.6 checking installable status
214 http fetch GET 200 https://registry.npmjs.org/yallist 41ms
215 silly pacote range manifest for yallist@^3.0.2 fetched in 52ms
216 silly resolveWithNewModule yallist@3.1.1 checking installable status
217 http fetch GET 200 https://registry.npmjs.org/get-uri 123ms
218 http fetch GET 200 https://registry.npmjs.org/raw-body 121ms
219 http fetch GET 200 https://registry.npmjs.org/pac-resolver 143ms
220 silly pacote range manifest for raw-body@^2.2.0 fetched in 160ms
221 silly resolveWithNewModule raw-body@2.4.1 checking installable status
222 silly pacote range manifest for get-uri@^2.0.0 fetched in 171ms
223 silly resolveWithNewModule get-uri@2.0.4 checking installable status
224 silly pacote range manifest for pac-resolver@^3.0.0 fetched in 172ms
225 silly resolveWithNewModule pac-resolver@3.0.0 checking installable status
226 http fetch GET 200 https://registry.npmjs.org/extend 140ms
227 http fetch GET 200 https://registry.npmjs.org/data-uri-to-buffer 149ms
228 http fetch GET 200 https://registry.npmjs.org/file-uri-to-path 145ms
229 http fetch GET 200 https://registry.npmjs.org/readable-stream 144ms
230 http fetch GET 200 https://registry.npmjs.org/debug/-/debug-2.6.9.tgz 152ms
231 http fetch GET 200 https://registry.npmjs.org/ftp 184ms
232 silly pacote range manifest for extend@~3.0.2 fetched in 232ms
233 silly resolveWithNewModule extend@3.0.2 checking installable status
234 silly pacote range manifest for readable-stream@2 fetched in 274ms
235 silly resolveWithNewModule readable-stream@2.3.7 checking installable status
236 silly pacote range manifest for debug@2 fetched in 286ms
237 silly resolveWithNewModule debug@2.6.9 checking installable status
238 http fetch GET 200 https://registry.npmjs.org/data-uri-to-buffer/-/data-uri-to-buffer-1.2.0.tgz 124ms
239 http fetch GET 200 https://registry.npmjs.org/file-uri-to-path/-/file-uri-to-path-1.0.0.tgz 125ms
240 http fetch GET 200 https://registry.npmjs.org/ftp/-/ftp-0.3.10.tgz 110ms
241 silly pacote range manifest for ftp@~0.3.10 fetched in 319ms
242 silly resolveWithNewModule ftp@0.3.10 checking installable status
243 silly pacote range manifest for data-uri-to-buffer@1 fetched in 324ms
244 silly resolveWithNewModule data-uri-to-buffer@1.2.0 checking installable status
245 silly pacote range manifest for file-uri-to-path@1 fetched in 319ms
246 silly resolveWithNewModule file-uri-to-path@1.0.0 checking installable status
247 silly pacote version manifest for ms@2.0.0 fetched in 3ms
248 silly resolveWithNewModule ms@2.0.0 checking installable status
249 http fetch GET 200 https://registry.npmjs.org/xregexp 50ms
250 http fetch GET 200 https://registry.npmjs.org/readable-stream/-/readable-stream-1.1.14.tgz 100ms
251 silly pacote range manifest for readable-stream@1.1.x fetched in 119ms
252 silly resolveWithNewModule readable-stream@1.1.14 checking installable status
253 http fetch GET 200 https://registry.npmjs.org/xregexp/-/xregexp-2.0.0.tgz 108ms
254 silly pacote version manifest for xregexp@2.0.0 fetched in 178ms
255 silly resolveWithNewModule xregexp@2.0.0 checking installable status
256 http fetch GET 200 https://registry.npmjs.org/core-util-is 88ms
257 http fetch GET 200 https://registry.npmjs.org/string_decoder 91ms
258 http fetch GET 200 https://registry.npmjs.org/isarray 94ms
259 http fetch GET 200 https://registry.npmjs.org/inherits 110ms
260 silly pacote range manifest for core-util-is@~1.0.0 fetched in 129ms
261 silly resolveWithNewModule core-util-is@1.0.2 checking installable status
262 silly pacote range manifest for inherits@~2.0.1 fetched in 129ms
263 silly resolveWithNewModule inherits@2.0.4 checking installable status
264 http fetch GET 200 https://registry.npmjs.org/isarray/-/isarray-0.0.1.tgz 53ms
265 http fetch GET 200 https://registry.npmjs.org/string_decoder/-/string_decoder-0.10.31.tgz 59ms
266 silly pacote range manifest for string_decoder@~0.10.x fetched in 173ms
267 silly resolveWithNewModule string_decoder@0.10.31 checking installable status
268 silly pacote version manifest for isarray@0.0.1 fetched in 177ms
269 silly resolveWithNewModule isarray@0.0.1 checking installable status
270 silly pacote range manifest for string_decoder@~1.1.1 fetched in 45ms
271 silly resolveWithNewModule string_decoder@1.1.1 checking installable status
272 http fetch GET 200 https://registry.npmjs.org/process-nextick-args 109ms
273 http fetch GET 200 https://registry.npmjs.org/safe-buffer 114ms
274 http fetch GET 200 https://registry.npmjs.org/isarray/-/isarray-1.0.0.tgz 100ms
275 http fetch GET 200 https://registry.npmjs.org/util-deprecate 124ms
276 silly pacote range manifest for isarray@~1.0.0 fetched in 146ms
277 silly resolveWithNewModule isarray@1.0.0 checking installable status
278 silly pacote range manifest for process-nextick-args@~2.0.0 fetched in 147ms
279 silly resolveWithNewModule process-nextick-args@2.0.1 checking installable status
280 silly pacote range manifest for safe-buffer@~5.1.1 fetched in 150ms
281 silly resolveWithNewModule safe-buffer@5.1.2 checking installable status
282 silly pacote range manifest for util-deprecate@~1.0.1 fetched in 151ms
283 silly resolveWithNewModule util-deprecate@1.0.2 checking installable status
284 http fetch GET 200 https://registry.npmjs.org/ip 88ms
285 http fetch GET 200 https://registry.npmjs.org/degenerator 92ms
286 http fetch GET 200 https://registry.npmjs.org/thunkify 89ms
287 http fetch GET 200 https://registry.npmjs.org/co 115ms
288 http fetch GET 200 https://registry.npmjs.org/netmask 114ms
289 silly pacote range manifest for ip@^1.1.5 fetched in 150ms
290 silly resolveWithNewModule ip@1.1.5 checking installable status
291 silly pacote range manifest for thunkify@^2.1.2 fetched in 151ms
292 silly resolveWithNewModule thunkify@2.1.2 checking installable status
293 silly pacote range manifest for co@^4.6.0 fetched in 160ms
294 silly resolveWithNewModule co@4.6.0 checking installable status
295 silly pacote range manifest for netmask@^1.0.6 fetched in 158ms
296 silly resolveWithNewModule netmask@1.0.6 checking installable status
297 http fetch GET 200 https://registry.npmjs.org/degenerator/-/degenerator-1.0.4.tgz 89ms
298 silly pacote range manifest for degenerator@^1.0.4 fetched in 200ms
299 silly resolveWithNewModule degenerator@1.0.4 checking installable status
300 http fetch GET 200 https://registry.npmjs.org/escodegen 75ms
301 http fetch GET 200 https://registry.npmjs.org/esprima 91ms
302 http fetch GET 200 https://registry.npmjs.org/ast-types 99ms
303 silly pacote range manifest for escodegen@1.x.x fetched in 130ms
304 silly resolveWithNewModule escodegen@1.13.0 checking installable status
305 silly pacote range manifest for ast-types@0.x.x fetched in 131ms
306 silly resolveWithNewModule ast-types@0.13.2 checking installable status
307 http fetch GET 200 https://registry.npmjs.org/esprima/-/esprima-3.1.3.tgz 67ms
308 silly pacote range manifest for esprima@3.x.x fetched in 178ms
309 silly resolveWithNewModule esprima@3.1.3 checking installable status
310 silly pacote range manifest for esprima@^4.0.1 fetched in 21ms
311 silly resolveWithNewModule esprima@4.0.1 checking installable status
312 http fetch GET 200 https://registry.npmjs.org/estraverse 92ms
313 http fetch GET 200 https://registry.npmjs.org/esutils 93ms
314 http fetch GET 200 https://registry.npmjs.org/optionator 101ms
315 http fetch GET 200 https://registry.npmjs.org/source-map 106ms
316 silly pacote range manifest for esutils@^2.0.2 fetched in 143ms
317 silly resolveWithNewModule esutils@2.0.3 checking installable status
318 silly pacote range manifest for optionator@^0.8.1 fetched in 144ms
319 silly resolveWithNewModule optionator@0.8.3 checking installable status
320 silly pacote range manifest for estraverse@^4.2.0 fetched in 149ms
321 silly resolveWithNewModule estraverse@4.3.0 checking installable status
322 http fetch GET 200 https://registry.npmjs.org/source-map/-/source-map-0.6.1.tgz 93ms
323 silly pacote range manifest for source-map@~0.6.1 fetched in 218ms
324 silly resolveWithNewModule source-map@0.6.1 checking installable status
325 http fetch GET 200 https://registry.npmjs.org/deep-is 100ms
326 http fetch GET 200 https://registry.npmjs.org/type-check 109ms
327 http fetch GET 200 https://registry.npmjs.org/fast-levenshtein 111ms
328 http fetch GET 200 https://registry.npmjs.org/prelude-ls 124ms
329 http fetch GET 200 https://registry.npmjs.org/word-wrap 123ms
330 http fetch GET 200 https://registry.npmjs.org/levn 130ms
331 silly pacote range manifest for deep-is@~0.1.3 fetched in 156ms
332 silly resolveWithNewModule deep-is@0.1.3 checking installable status
333 silly pacote range manifest for type-check@~0.3.2 fetched in 159ms
334 silly resolveWithNewModule type-check@0.3.2 checking installable status
335 silly pacote range manifest for prelude-ls@~1.1.2 fetched in 169ms
336 silly resolveWithNewModule prelude-ls@1.1.2 checking installable status
337 silly pacote range manifest for word-wrap@~1.2.3 fetched in 170ms
338 silly resolveWithNewModule word-wrap@1.2.3 checking installable status
339 silly pacote range manifest for fast-levenshtein@~2.0.6 fetched in 169ms
340 silly resolveWithNewModule fast-levenshtein@2.0.6 checking installable status
341 silly pacote range manifest for levn@~0.3.0 fetched in 173ms
342 silly resolveWithNewModule levn@0.3.0 checking installable status
343 http fetch GET 200 https://registry.npmjs.org/iconv-lite 75ms
344 http fetch GET 200 https://registry.npmjs.org/bytes 82ms
345 http fetch GET 200 https://registry.npmjs.org/unpipe 82ms
346 http fetch GET 200 https://registry.npmjs.org/http-errors 91ms
347 silly pacote version manifest for iconv-lite@0.4.24 fetched in 115ms
348 silly resolveWithNewModule iconv-lite@0.4.24 checking installable status
349 silly pacote version manifest for bytes@3.1.0 fetched in 122ms
350 silly resolveWithNewModule bytes@3.1.0 checking installable status
351 silly pacote version manifest for http-errors@1.7.3 fetched in 123ms
352 silly resolveWithNewModule http-errors@1.7.3 checking installable status
353 silly pacote version manifest for unpipe@1.0.0 fetched in 123ms
354 silly resolveWithNewModule unpipe@1.0.0 checking installable status
355 http fetch GET 200 https://registry.npmjs.org/toidentifier 63ms
356 http fetch GET 200 https://registry.npmjs.org/setprototypeof 75ms
357 http fetch GET 200 https://registry.npmjs.org/depd 79ms
358 http fetch GET 200 https://registry.npmjs.org/statuses 82ms
359 silly pacote version manifest for toidentifier@1.0.0 fetched in 102ms
360 silly resolveWithNewModule toidentifier@1.0.0 checking installable status
361 silly pacote version manifest for setprototypeof@1.1.1 fetched in 108ms
362 silly resolveWithNewModule setprototypeof@1.1.1 checking installable status
363 silly pacote range manifest for statuses@>= 1.5.0 < 2 fetched in 109ms
364 silly resolveWithNewModule statuses@1.5.0 checking installable status
365 http fetch GET 200 https://registry.npmjs.org/depd/-/depd-1.1.2.tgz 49ms
366 silly pacote range manifest for depd@~1.1.2 fetched in 155ms
367 silly resolveWithNewModule depd@1.1.2 checking installable status
368 http fetch GET 200 https://registry.npmjs.org/safer-buffer 39ms
369 silly pacote range manifest for safer-buffer@>= 2.1.2 < 3 fetched in 48ms
370 silly resolveWithNewModule safer-buffer@2.1.2 checking installable status
371 silly pacote range manifest for agent-base@~4.2.1 fetched in 19ms
372 silly resolveWithNewModule agent-base@4.2.1 checking installable status
373 http fetch GET 200 https://registry.npmjs.org/socks 50ms
374 silly pacote range manifest for socks@~2.3.2 fetched in 65ms
375 silly resolveWithNewModule socks@2.3.3 checking installable status
376 http fetch GET 200 https://registry.npmjs.org/smart-buffer 42ms
377 silly pacote range manifest for smart-buffer@^4.1.0 fetched in 54ms
378 silly resolveWithNewModule smart-buffer@4.1.0 checking installable status
379 http fetch GET 200 https://registry.npmjs.org/async-limiter 39ms
380 silly pacote range manifest for async-limiter@~1.0.0 fetched in 49ms
381 silly resolveWithNewModule async-limiter@1.0.1 checking installable status
382 silly pacote range manifest for async@~2.6.1 fetched in 35ms
383 silly resolveWithNewModule async@2.6.3 checking installable status
384 silly pacote version manifest for debug@3.1.0 fetched in 38ms
385 silly resolveWithNewModule debug@3.1.0 checking installable status
386 http fetch GET 200 https://registry.npmjs.org/tslib 113ms
387 http fetch GET 200 https://registry.npmjs.org/semver/-/semver-5.5.0.tgz 103ms
388 http fetch GET 200 https://registry.npmjs.org/shimmer 124ms
389 http fetch GET 200 https://registry.npmjs.org/signal-exit 129ms
390 silly pacote version manifest for semver@5.5.0 fetched in 151ms
391 silly resolveWithNewModule semver@5.5.0 checking installable status
392 silly pacote version manifest for tslib@1.9.3 fetched in 150ms
393 silly resolveWithNewModule tslib@1.9.3 checking installable status
394 silly pacote range manifest for shimmer@~1.2.0 fetched in 157ms
395 silly resolveWithNewModule shimmer@1.2.1 checking installable status
396 silly pacote version manifest for signal-exit@3.0.2 fetched in 158ms
397 silly resolveWithNewModule signal-exit@3.0.2 checking installable status
398 http fetch GET 200 https://registry.npmjs.org/require-in-the-middle 830ms
399 http fetch GET 200 https://registry.npmjs.org/@opencensus%2fpropagation-b3 906ms
400 silly pacote range manifest for require-in-the-middle@^5.0.0 fetched in 909ms
401 silly resolveWithNewModule require-in-the-middle@5.0.3 checking installable status
402 http fetch GET 200 https://registry.npmjs.org/@pm2%2fagent-node 917ms
403 silly pacote range manifest for @opencensus/propagation-b3@^0.0.8 fetched in 942ms
404 silly resolveWithNewModule @opencensus/propagation-b3@0.0.8 checking installable status
405 silly pacote range manifest for @pm2/agent-node@^1.1.10 fetched in 945ms
406 silly resolveWithNewModule @pm2/agent-node@1.1.10 checking installable status
407 http fetch GET 200 https://registry.npmjs.org/@opencensus%2fcore 1142ms
408 silly pacote range manifest for @opencensus/core@^0.0.9 fetched in 1154ms
409 silly resolveWithNewModule @opencensus/core@0.0.9 checking installable status
410 http fetch GET 200 https://registry.npmjs.org/uuid 59ms
411 http fetch GET 200 https://registry.npmjs.org/continuation-local-storage 64ms
412 http fetch GET 200 https://registry.npmjs.org/log-driver 65ms
413 silly pacote range manifest for uuid@^3.2.1 fetched in 96ms
414 silly resolveWithNewModule uuid@3.4.0 checking installable status
415 silly pacote range manifest for log-driver@^1.2.7 fetched in 100ms
416 silly resolveWithNewModule log-driver@1.2.7 checking installable status
417 silly pacote range manifest for continuation-local-storage@^3.2.1 fetched in 104ms
418 silly resolveWithNewModule continuation-local-storage@3.2.1 checking installable status
419 http fetch GET 200 https://registry.npmjs.org/async-listener 60ms
420 http fetch GET 200 https://registry.npmjs.org/emitter-listener 65ms
421 silly pacote range manifest for async-listener@^0.6.0 fetched in 83ms
422 silly resolveWithNewModule async-listener@0.6.10 checking installable status
423 silly pacote range manifest for emitter-listener@^1.1.1 fetched in 81ms
424 silly resolveWithNewModule emitter-listener@1.1.2 checking installable status
425 silly pacote range manifest for @opencensus/core@^0.0.8 fetched in 14ms
426 silly resolveWithNewModule @opencensus/core@0.0.8 checking installable status
427 silly pacote range manifest for debug@^3.1.0 fetched in 16ms
428 silly resolveWithNewModule debug@3.2.6 checking installable status
429 silly pacote range manifest for ws@^6.0.0 fetched in 24ms
430 silly resolveWithNewModule ws@6.2.1 checking installable status
431 silly pacote version manifest for ms@2.0.0 fetched in 11ms
432 silly resolveWithNewModule ms@2.0.0 checking installable status
433 http fetch GET 200 https://registry.npmjs.org/module-details-from-path 63ms
434 http fetch GET 200 https://registry.npmjs.org/resolve 73ms
435 silly pacote range manifest for module-details-from-path@^1.0.3 fetched in 87ms
436 silly resolveWithNewModule module-details-from-path@1.0.3 checking installable status
437 silly pacote range manifest for resolve@^1.12.0 fetched in 91ms
438 silly resolveWithNewModule resolve@1.15.0 checking installable status
439 http fetch GET 200 https://registry.npmjs.org/path-parse 51ms
440 silly pacote range manifest for path-parse@^1.0.6 fetched in 63ms
441 silly resolveWithNewModule path-parse@1.0.6 checking installable status
442 silly pacote range manifest for async@^2.4.1 fetched in 38ms
443 silly resolveWithNewModule async@2.6.3 checking installable status
444 silly pacote range manifest for debug@^2.6.8 fetched in 39ms
445 silly resolveWithNewModule debug@2.6.9 checking installable status
446 http fetch GET 200 https://registry.npmjs.org/axios 5731ms
447 http fetch GET 200 https://registry.npmjs.org/ws/-/ws-3.3.3.tgz 5737ms
448 http fetch GET 200 https://registry.npmjs.org/eventemitter2/-/eventemitter2-4.1.2.tgz 5765ms
449 silly pacote range manifest for ws@^3.0.0 fetched in 5801ms
450 silly resolveWithNewModule ws@3.3.3 checking installable status
451 silly pacote range manifest for axios@^0.19.0 fetched in 5811ms
452 silly resolveWithNewModule axios@0.19.2 checking installable status
453 silly pacote range manifest for eventemitter2@^4.1.0 fetched in 5822ms
454 silly resolveWithNewModule eventemitter2@4.1.2 checking installable status
455 http fetch GET 200 https://registry.npmjs.org/follow-redirects 53ms
456 silly pacote version manifest for follow-redirects@1.5.10 fetched in 65ms
457 silly resolveWithNewModule follow-redirects@1.5.10 checking installable status
458 silly pacote version manifest for debug@=3.1.0 fetched in 4ms
459 silly resolveWithNewModule debug@3.1.0 checking installable status
460 silly pacote version manifest for ms@2.0.0 fetched in 5ms
461 silly resolveWithNewModule ms@2.0.0 checking installable status
462 silly pacote version manifest for ms@2.0.0 fetched in 3ms
463 silly resolveWithNewModule ms@2.0.0 checking installable status
464 http fetch GET 200 https://registry.npmjs.org/ultron 37ms
465 silly pacote range manifest for ultron@~1.1.0 fetched in 47ms
466 silly resolveWithNewModule ultron@1.1.1 checking installable status
467 http fetch GET 200 https://registry.npmjs.org/braces 132ms
468 http fetch GET 200 https://registry.npmjs.org/fsevents 131ms
469 http fetch GET 200 https://registry.npmjs.org/is-glob 140ms
470 http fetch GET 200 https://registry.npmjs.org/readdirp 139ms
471 http fetch GET 200 https://registry.npmjs.org/is-binary-path 146ms
472 http fetch GET 200 https://registry.npmjs.org/normalize-path 154ms
473 http fetch GET 200 https://registry.npmjs.org/anymatch 172ms
474 http fetch GET 200 https://registry.npmjs.org/glob-parent 181ms
475 silly pacote range manifest for braces@~3.0.2 fetched in 207ms
476 silly resolveWithNewModule braces@3.0.2 checking installable status
477 silly pacote range manifest for fsevents@~2.1.2 fetched in 202ms
478 silly resolveWithNewModule fsevents@2.1.2 checking installable status
479 silly pacote range manifest for is-glob@~4.0.1 fetched in 209ms
480 silly resolveWithNewModule is-glob@4.0.1 checking installable status
481 silly pacote range manifest for readdirp@~3.3.0 fetched in 209ms
482 silly resolveWithNewModule readdirp@3.3.0 checking installable status
483 silly pacote range manifest for is-binary-path@~2.1.0 fetched in 219ms
484 silly resolveWithNewModule is-binary-path@2.1.0 checking installable status
485 silly pacote range manifest for normalize-path@~3.0.0 fetched in 220ms
486 silly resolveWithNewModule normalize-path@3.0.0 checking installable status
487 silly pacote range manifest for anymatch@~3.1.1 fetched in 231ms
488 silly resolveWithNewModule anymatch@3.1.1 checking installable status
489 silly pacote range manifest for glob-parent@~5.1.0 fetched in 231ms
490 silly resolveWithNewModule glob-parent@5.1.0 checking installable status
491 http fetch GET 200 https://registry.npmjs.org/picomatch 41ms
492 silly pacote range manifest for picomatch@^2.0.4 fetched in 54ms
493 silly resolveWithNewModule picomatch@2.2.1 checking installable status
494 http fetch GET 200 https://registry.npmjs.org/fill-range 41ms
495 silly pacote range manifest for fill-range@^7.0.1 fetched in 53ms
496 silly resolveWithNewModule fill-range@7.0.1 checking installable status
497 http fetch GET 200 https://registry.npmjs.org/to-regex-range 39ms
498 silly pacote range manifest for to-regex-range@^5.0.1 fetched in 50ms
499 silly resolveWithNewModule to-regex-range@5.0.1 checking installable status
500 http fetch GET 200 https://registry.npmjs.org/is-number 71ms
501 silly pacote range manifest for is-number@^7.0.0 fetched in 87ms
502 silly resolveWithNewModule is-number@7.0.0 checking installable status
503 http fetch GET 200 https://registry.npmjs.org/is-extglob 39ms
504 silly pacote range manifest for is-extglob@^2.1.1 fetched in 49ms
505 silly resolveWithNewModule is-extglob@2.1.1 checking installable status
506 http fetch GET 200 https://registry.npmjs.org/binary-extensions 50ms
507 silly pacote range manifest for binary-extensions@^2.0.0 fetched in 59ms
508 silly resolveWithNewModule binary-extensions@2.0.0 checking installable status
509 http fetch GET 200 https://registry.npmjs.org/chalk/-/chalk-1.1.3.tgz 53ms
510 silly pacote range manifest for chalk@^1.1.3 fetched in 69ms
511 silly resolveWithNewModule chalk@1.1.3 checking installable status
512 http fetch GET 200 https://registry.npmjs.org/has-ansi 73ms
513 http fetch GET 200 https://registry.npmjs.org/strip-ansi 90ms
514 http fetch GET 200 https://registry.npmjs.org/supports-color/-/supports-color-2.0.0.tgz 77ms
515 http fetch GET 200 https://registry.npmjs.org/ansi-styles/-/ansi-styles-2.2.1.tgz 98ms
516 silly pacote range manifest for supports-color@^2.0.0 fetched in 141ms
517 silly resolveWithNewModule supports-color@2.0.0 checking installable status
518 silly pacote range manifest for ansi-styles@^2.2.1 fetched in 151ms
519 silly resolveWithNewModule ansi-styles@2.2.1 checking installable status
520 http fetch GET 200 https://registry.npmjs.org/has-ansi/-/has-ansi-2.0.0.tgz 74ms
521 http fetch GET 200 https://registry.npmjs.org/strip-ansi/-/strip-ansi-3.0.1.tgz 63ms
522 silly pacote range manifest for has-ansi@^2.0.0 fetched in 167ms
523 silly resolveWithNewModule has-ansi@2.0.0 checking installable status
524 silly pacote range manifest for strip-ansi@^3.0.0 fetched in 173ms
525 silly resolveWithNewModule strip-ansi@3.0.1 checking installable status
526 http fetch GET 200 https://registry.npmjs.org/ansi-regex 36ms
527 http fetch GET 200 https://registry.npmjs.org/ansi-regex/-/ansi-regex-2.1.1.tgz 37ms
528 silly pacote range manifest for ansi-regex@^2.0.0 fetched in 89ms
529 silly resolveWithNewModule ansi-regex@2.1.1 checking installable status
530 http fetch GET 200 https://registry.npmjs.org/moment-timezone 45ms
531 silly pacote range manifest for moment-timezone@^0.5.x fetched in 60ms
532 silly resolveWithNewModule moment-timezone@0.5.27 checking installable status
533 http fetch GET 200 https://registry.npmjs.org/ansi-colors 49ms
534 silly pacote range manifest for ansi-colors@^3.2.1 fetched in 63ms
535 silly resolveWithNewModule ansi-colors@3.2.4 checking installable status
536 http fetch GET 200 https://registry.npmjs.org/minimist 40ms
537 http fetch GET 200 https://registry.npmjs.org/minimist/-/minimist-0.0.8.tgz 65ms
538 silly pacote version manifest for minimist@0.0.8 fetched in 120ms
539 silly resolveWithNewModule minimist@0.0.8 checking installable status
540 silly pacote range manifest for debug@^3.2.6 fetched in 10ms
541 silly resolveWithNewModule debug@3.2.6 checking installable status
542 http fetch GET 200 https://registry.npmjs.org/sax 41ms
543 http fetch GET 200 https://registry.npmjs.org/sax/-/sax-1.2.4.tgz 52ms
544 silly pacote range manifest for sax@^1.2.4 fetched in 106ms
545 silly resolveWithNewModule sax@1.2.4 checking installable status
546 silly pacote range manifest for async@^2.6 fetched in 14ms
547 silly resolveWithNewModule async@2.6.3 checking installable status
548 http fetch GET 200 https://registry.npmjs.org/tv4 58ms
549 silly pacote range manifest for tv4@^1.3 fetched in 75ms
550 silly resolveWithNewModule tv4@1.3.0 checking installable status
551 http fetch GET 200 https://registry.npmjs.org/charm 41ms
552 silly pacote range manifest for charm@~0.1.1 fetched in 52ms
553 silly resolveWithNewModule charm@0.1.2 checking installable status
554 http fetch GET 200 https://registry.npmjs.org/read 41ms
555 silly pacote range manifest for read@^1.0.4 fetched in 53ms
556 silly resolveWithNewModule read@1.0.7 checking installable status
557 http fetch GET 200 https://registry.npmjs.org/mute-stream 40ms
558 silly pacote range manifest for mute-stream@~0.0.4 fetched in 51ms
559 silly resolveWithNewModule mute-stream@0.0.8 checking installable status
560 http fetch GET 200 https://registry.npmjs.org/glob 84ms
561 http fetch GET 200 https://registry.npmjs.org/interpret 91ms
562 http fetch GET 200 https://registry.npmjs.org/rechoir 99ms
563 silly pacote range manifest for glob@^7.0.0 fetched in 125ms
564 silly resolveWithNewModule glob@7.1.6 checking installable status
565 silly pacote range manifest for interpret@^1.0.0 fetched in 125ms
566 silly resolveWithNewModule interpret@1.2.0 checking installable status
567 http fetch GET 200 https://registry.npmjs.org/rechoir/-/rechoir-0.6.2.tgz 44ms
568 silly pacote range manifest for rechoir@^0.6.2 fetched in 159ms
569 silly resolveWithNewModule rechoir@0.6.2 checking installable status
570 http fetch GET 200 https://registry.npmjs.org/path-is-absolute 72ms
571 http fetch GET 200 https://registry.npmjs.org/inflight 97ms
572 http fetch GET 200 https://registry.npmjs.org/fs.realpath 99ms
573 http fetch GET 200 https://registry.npmjs.org/minimatch 106ms
574 http fetch GET 200 https://registry.npmjs.org/once 115ms
575 silly pacote range manifest for fs.realpath@^1.0.0 fetched in 162ms
576 silly resolveWithNewModule fs.realpath@1.0.0 checking installable status
577 http fetch GET 200 https://registry.npmjs.org/path-is-absolute/-/path-is-absolute-1.0.1.tgz 85ms
578 silly pacote range manifest for once@^1.3.0 fetched in 187ms
579 silly resolveWithNewModule once@1.4.0 checking installable status
580 http fetch GET 200 https://registry.npmjs.org/inflight/-/inflight-1.0.6.tgz 97ms
581 http fetch GET 200 https://registry.npmjs.org/minimatch/-/minimatch-3.0.4.tgz 86ms
582 silly pacote range manifest for path-is-absolute@^1.0.0 fetched in 213ms
583 silly resolveWithNewModule path-is-absolute@1.0.1 checking installable status
584 silly pacote range manifest for inflight@^1.0.4 fetched in 226ms
585 silly resolveWithNewModule inflight@1.0.6 checking installable status
586 silly pacote range manifest for minimatch@^3.0.4 fetched in 232ms
587 silly resolveWithNewModule minimatch@3.0.4 checking installable status
588 http fetch GET 200 https://registry.npmjs.org/wrappy 46ms
589 http fetch GET 200 https://registry.npmjs.org/wrappy/-/wrappy-1.0.2.tgz 41ms
590 silly pacote range manifest for wrappy@1 fetched in 100ms
591 silly resolveWithNewModule wrappy@1.0.2 checking installable status
592 http fetch GET 200 https://registry.npmjs.org/brace-expansion 40ms
593 silly pacote range manifest for brace-expansion@^1.1.7 fetched in 50ms
594 silly resolveWithNewModule brace-expansion@1.1.11 checking installable status
595 http fetch GET 200 https://registry.npmjs.org/concat-map 41ms
596 http fetch GET 200 https://registry.npmjs.org/balanced-match 54ms
597 silly pacote version manifest for concat-map@0.0.1 fetched in 59ms
598 silly resolveWithNewModule concat-map@0.0.1 checking installable status
599 silly pacote range manifest for balanced-match@^1.0.0 fetched in 73ms
600 silly resolveWithNewModule balanced-match@1.0.0 checking installable status
601 http fetch GET 200 https://registry.npmjs.org/buffer-from 38ms
602 silly pacote range manifest for buffer-from@^1.0.0 fetched in 51ms
603 silly resolveWithNewModule buffer-from@1.1.1 checking installable status
604 silly pacote version manifest for async@2.6.1 fetched in 33ms
605 silly resolveWithNewModule async@2.6.1 checking installable status
606 http fetch GET 200 https://registry.npmjs.org/lodash.last 105ms
607 http fetch GET 200 https://registry.npmjs.org/lodash.foreach 110ms
608 http fetch GET 200 https://registry.npmjs.org/ini 123ms
609 http fetch GET 200 https://registry.npmjs.org/js-git 124ms
610 http fetch GET 200 https://registry.npmjs.org/git-node-fs 129ms
611 http fetch GET 200 https://registry.npmjs.org/lodash.findindex 133ms
612 http fetch GET 200 https://registry.npmjs.org/lodash.get 132ms
613 silly pacote range manifest for lodash.last@^3.0.0 fetched in 164ms
614 silly resolveWithNewModule lodash.last@3.0.0 checking installable status
615 silly pacote range manifest for lodash.foreach@^4.5.0 fetched in 169ms
616 silly resolveWithNewModule lodash.foreach@4.5.0 checking installable status
617 silly pacote range manifest for js-git@^0.7.8 fetched in 177ms
618 silly resolveWithNewModule js-git@0.7.8 checking installable status
619 silly pacote range manifest for git-node-fs@^1.0.0 fetched in 183ms
620 silly resolveWithNewModule git-node-fs@1.0.0 checking installable status
621 silly pacote range manifest for lodash.get@^4.4.2 fetched in 183ms
622 silly resolveWithNewModule lodash.get@4.4.2 checking installable status
623 silly pacote range manifest for lodash.findindex@^4.6.0 fetched in 218ms
624 silly resolveWithNewModule lodash.findindex@4.6.0 checking installable status
625 http fetch GET 200 https://registry.npmjs.org/ini/-/ini-1.3.5.tgz 108ms
626 silly pacote range manifest for ini@^1.3.4 fetched in 280ms
627 silly resolveWithNewModule ini@1.3.5 checking installable status
628 http fetch GET 200 https://registry.npmjs.org/culvert 77ms
629 http fetch GET 200 https://registry.npmjs.org/pako 75ms
630 http fetch GET 200 https://registry.npmjs.org/git-sha1 83ms
631 http fetch GET 200 https://registry.npmjs.org/bodec 93ms
632 silly pacote range manifest for culvert@^0.1.2 fetched in 109ms
633 silly resolveWithNewModule culvert@0.1.2 checking installable status
634 silly pacote range manifest for git-sha1@^0.1.2 fetched in 111ms
635 silly resolveWithNewModule git-sha1@0.1.2 checking installable status
636 silly pacote range manifest for bodec@^0.1.0 fetched in 119ms
637 silly resolveWithNewModule bodec@0.1.0 checking installable status
638 http fetch GET 200 https://registry.npmjs.org/pako/-/pako-0.2.9.tgz 117ms
639 silly pacote range manifest for pako@^0.2.5 fetched in 211ms
640 silly resolveWithNewModule pako@0.2.9 checking installable status
641 http fetch GET 200 https://registry.npmjs.org/argparse 39ms
642 silly pacote range manifest for argparse@^1.0.7 fetched in 50ms
643 silly resolveWithNewModule argparse@1.0.10 checking installable status
644 http fetch GET 200 https://registry.npmjs.org/sprintf-js/-/sprintf-js-1.0.3.tgz 58ms
645 silly pacote range manifest for sprintf-js@~1.0.2 fetched in 68ms
646 silly resolveWithNewModule sprintf-js@1.0.3 checking installable status
647 silly currentTree lib
648 silly idealTree lib
648 silly idealTree └─┬ pm2@4.2.3
648 silly idealTree   ├── @opencensus/core@0.0.9
648 silly idealTree   ├─┬ @opencensus/propagation-b3@0.0.8
648 silly idealTree   │ └── @opencensus/core@0.0.8
648 silly idealTree   ├─┬ @pm2/agent-node@1.1.10
648 silly idealTree   │ ├── debug@3.2.6
648 silly idealTree   │ └── ws@6.2.1
648 silly idealTree   ├─┬ @pm2/agent@0.5.26
648 silly idealTree   │ └── async@2.6.3
648 silly idealTree   ├─┬ @pm2/io@4.3.3
648 silly idealTree   │ ├── async@2.6.3
648 silly idealTree   │ ├── debug@3.1.0
648 silly idealTree   │ ├── ms@2.0.0
648 silly idealTree   │ └── semver@5.5.0
648 silly idealTree   ├─┬ @pm2/js-api@0.5.60
648 silly idealTree   │ ├── async@2.6.3
648 silly idealTree   │ ├── debug@2.6.9
648 silly idealTree   │ ├── eventemitter2@4.1.2
648 silly idealTree   │ ├── ms@2.0.0
648 silly idealTree   │ └── ws@3.3.3
648 silly idealTree   ├── @pm2/pm2-version-check@1.0.3
648 silly idealTree   ├── agent-base@4.3.0
648 silly idealTree   ├── amp-message@0.1.2
648 silly idealTree   ├── amp@0.3.1
648 silly idealTree   ├── ansi-colors@3.2.4
648 silly idealTree   ├── ansi-regex@2.1.1
648 silly idealTree   ├── ansi-styles@3.2.1
648 silly idealTree   ├── anymatch@3.1.1
648 silly idealTree   ├─┬ argparse@1.0.10
648 silly idealTree   │ └── sprintf-js@1.0.3
648 silly idealTree   ├── ast-types@0.13.2
648 silly idealTree   ├── async-limiter@1.0.1
648 silly idealTree   ├── async-listener@0.6.10
648 silly idealTree   ├── async@3.1.1
648 silly idealTree   ├── axios@0.19.2
648 silly idealTree   ├── balanced-match@1.0.0
648 silly idealTree   ├── binary-extensions@2.0.0
648 silly idealTree   ├── blessed@0.1.81
648 silly idealTree   ├── bodec@0.1.0
648 silly idealTree   ├── brace-expansion@1.1.11
648 silly idealTree   ├── braces@3.0.2
648 silly idealTree   ├── buffer-from@1.1.1
648 silly idealTree   ├── bytes@3.1.0
648 silly idealTree   ├── chalk@2.4.2
648 silly idealTree   ├── charm@0.1.2
648 silly idealTree   ├── chokidar@3.3.1
648 silly idealTree   ├─┬ cli-table-redemption@1.0.1
648 silly idealTree   │ ├── ansi-styles@2.2.1
648 silly idealTree   │ ├── chalk@1.1.3
648 silly idealTree   │ └── supports-color@2.0.0
648 silly idealTree   ├── co@4.6.0
648 silly idealTree   ├── color-convert@1.9.3
648 silly idealTree   ├── color-name@1.1.3
648 silly idealTree   ├── commander@2.15.1
648 silly idealTree   ├── concat-map@0.0.1
648 silly idealTree   ├── continuation-local-storage@3.2.1
648 silly idealTree   ├── core-util-is@1.0.2
648 silly idealTree   ├── cron@1.7.1
648 silly idealTree   ├── culvert@0.1.2
648 silly idealTree   ├── data-uri-to-buffer@1.2.0
648 silly idealTree   ├── date-fns@1.30.1
648 silly idealTree   ├── debug@4.1.1
648 silly idealTree   ├── deep-is@0.1.3
648 silly idealTree   ├── degenerator@1.0.4
648 silly idealTree   ├── depd@1.1.2
648 silly idealTree   ├── emitter-listener@1.1.2
648 silly idealTree   ├── enquirer@2.3.4
648 silly idealTree   ├── es6-promise@4.2.8
648 silly idealTree   ├── es6-promisify@5.0.0
648 silly idealTree   ├── escape-regexp@0.0.1
648 silly idealTree   ├── escape-string-regexp@1.0.5
648 silly idealTree   ├─┬ escodegen@1.13.0
648 silly idealTree   │ └── esprima@4.0.1
648 silly idealTree   ├── esprima@3.1.3
648 silly idealTree   ├── estraverse@4.3.0
648 silly idealTree   ├── esutils@2.0.3
648 silly idealTree   ├── eventemitter2@5.0.1
648 silly idealTree   ├── extend@3.0.2
648 silly idealTree   ├── fast-levenshtein@2.0.6
648 silly idealTree   ├── fclone@1.0.11
648 silly idealTree   ├── file-uri-to-path@1.0.0
648 silly idealTree   ├── fill-range@7.0.1
648 silly idealTree   ├─┬ follow-redirects@1.5.10
648 silly idealTree   │ ├── debug@3.1.0
648 silly idealTree   │ └── ms@2.0.0
648 silly idealTree   ├── fs.realpath@1.0.0
648 silly idealTree   ├── fsevents@2.1.2
648 silly idealTree   ├─┬ ftp@0.3.10
648 silly idealTree   │ └── readable-stream@1.1.14
648 silly idealTree   ├─┬ get-uri@2.0.4
648 silly idealTree   │ ├── debug@2.6.9
648 silly idealTree   │ └── ms@2.0.0
648 silly idealTree   ├── git-node-fs@1.0.0
648 silly idealTree   ├── git-sha1@0.1.2
648 silly idealTree   ├── glob-parent@5.1.0
648 silly idealTree   ├── glob@7.1.6
648 silly idealTree   ├── has-ansi@2.0.0
648 silly idealTree   ├── has-flag@3.0.0
648 silly idealTree   ├── http-errors@1.7.3
648 silly idealTree   ├─┬ http-proxy-agent@2.1.0
648 silly idealTree   │ ├── debug@3.1.0
648 silly idealTree   │ └── ms@2.0.0
648 silly idealTree   ├─┬ https-proxy-agent@3.0.1
648 silly idealTree   │ └── debug@3.2.6
648 silly idealTree   ├── iconv-lite@0.4.24
648 silly idealTree   ├── inflight@1.0.6
648 silly idealTree   ├── inherits@2.0.4
648 silly idealTree   ├── ini@1.3.5
648 silly idealTree   ├── interpret@1.2.0
648 silly idealTree   ├── ip@1.1.5
648 silly idealTree   ├── is-binary-path@2.1.0
648 silly idealTree   ├── is-extglob@2.1.1
648 silly idealTree   ├── is-glob@4.0.1
648 silly idealTree   ├── is-number@7.0.0
648 silly idealTree   ├── isarray@0.0.1
648 silly idealTree   ├── js-git@0.7.8
648 silly idealTree   ├── lazy@1.0.11
648 silly idealTree   ├── levn@0.3.0
648 silly idealTree   ├── lodash.findindex@4.6.0
648 silly idealTree   ├── lodash.foreach@4.5.0
648 silly idealTree   ├── lodash.get@4.4.2
648 silly idealTree   ├── lodash.last@3.0.0
648 silly idealTree   ├── lodash@4.17.14
648 silly idealTree   ├── log-driver@1.2.7
648 silly idealTree   ├── lru-cache@5.1.1
648 silly idealTree   ├── minimatch@3.0.4
648 silly idealTree   ├── minimist@0.0.8
648 silly idealTree   ├── mkdirp@0.5.1
648 silly idealTree   ├── module-details-from-path@1.0.3
648 silly idealTree   ├── moment-timezone@0.5.27
648 silly idealTree   ├── moment@2.24.0
648 silly idealTree   ├── ms@2.1.2
648 silly idealTree   ├── mute-stream@0.0.8
648 silly idealTree   ├─┬ needle@2.4.0
648 silly idealTree   │ └── debug@3.2.6
648 silly idealTree   ├── netmask@1.0.6
648 silly idealTree   ├── normalize-path@3.0.0
648 silly idealTree   ├─┬ nssocket@0.6.0
648 silly idealTree   │ └── eventemitter2@0.4.14
648 silly idealTree   ├── once@1.4.0
648 silly idealTree   ├── optionator@0.8.3
648 silly idealTree   ├── pac-proxy-agent@3.0.1
648 silly idealTree   ├── pac-resolver@3.0.0
648 silly idealTree   ├── pako@0.2.9
648 silly idealTree   ├── path-is-absolute@1.0.1
648 silly idealTree   ├── path-parse@1.0.6
648 silly idealTree   ├── picomatch@2.2.1
648 silly idealTree   ├── pidusage@2.0.17
648 silly idealTree   ├─┬ pm2-axon-rpc@0.5.1
648 silly idealTree   │ └── debug@3.2.6
648 silly idealTree   ├─┬ pm2-axon@3.3.0
648 silly idealTree   │ └── debug@3.2.6
648 silly idealTree   ├─┬ pm2-deploy@0.4.0
648 silly idealTree   │ └── async@2.6.3
648 silly idealTree   ├── pm2-multimeter@0.1.2
648 silly idealTree   ├── prelude-ls@1.1.2
648 silly idealTree   ├── process-nextick-args@2.0.1
648 silly idealTree   ├── promptly@2.2.0
648 silly idealTree   ├── proxy-agent@3.1.1
648 silly idealTree   ├── proxy-from-env@1.0.0
648 silly idealTree   ├── ps-list@6.3.0
648 silly idealTree   ├── raw-body@2.4.1
648 silly idealTree   ├── read@1.0.7
648 silly idealTree   ├─┬ readable-stream@2.3.7
648 silly idealTree   │ ├── isarray@1.0.0
648 silly idealTree   │ └── string_decoder@1.1.1
648 silly idealTree   ├── readdirp@3.3.0
648 silly idealTree   ├── rechoir@0.6.2
648 silly idealTree   ├── require-in-the-middle@5.0.3
648 silly idealTree   ├── resolve@1.15.0
648 silly idealTree   ├── safe-buffer@5.1.2
648 silly idealTree   ├── safer-buffer@2.1.2
648 silly idealTree   ├── sax@1.2.4
648 silly idealTree   ├── semver@5.7.1
648 silly idealTree   ├── setprototypeof@1.1.1
648 silly idealTree   ├── shelljs@0.8.3
648 silly idealTree   ├── shimmer@1.2.1
648 silly idealTree   ├── signal-exit@3.0.2
648 silly idealTree   ├── smart-buffer@4.1.0
648 silly idealTree   ├─┬ socks-proxy-agent@4.0.2
648 silly idealTree   │ └── agent-base@4.2.1
648 silly idealTree   ├── socks@2.3.3
648 silly idealTree   ├── source-map-support@0.5.12
648 silly idealTree   ├── source-map@0.6.1
648 silly idealTree   ├── sprintf-js@1.1.2
648 silly idealTree   ├── statuses@1.5.0
648 silly idealTree   ├── string_decoder@0.10.31
648 silly idealTree   ├── strip-ansi@3.0.1
648 silly idealTree   ├── supports-color@5.5.0
648 silly idealTree   ├── systeminformation@4.21.0
648 silly idealTree   ├── thunkify@2.1.2
648 silly idealTree   ├── to-regex-range@5.0.1
648 silly idealTree   ├── toidentifier@1.0.0
648 silly idealTree   ├── tslib@1.9.3
648 silly idealTree   ├── tv4@1.3.0
648 silly idealTree   ├── type-check@0.3.2
648 silly idealTree   ├── ultron@1.1.1
648 silly idealTree   ├── unpipe@1.0.0
648 silly idealTree   ├── util-deprecate@1.0.2
648 silly idealTree   ├── uuid@3.4.0
648 silly idealTree   ├─┬ vizion@2.0.2
648 silly idealTree   │ └── async@2.6.1
648 silly idealTree   ├── word-wrap@1.2.3
648 silly idealTree   ├── wrappy@1.0.2
648 silly idealTree   ├── ws@5.2.2
648 silly idealTree   ├── xregexp@2.0.0
648 silly idealTree   ├── yallist@3.1.1
648 silly idealTree   └── yamljs@0.3.0
649 silly install generateActionsToTake
650 warn checkPermissions Missing write access to /usr/local/lib
651 verbose stack Error: EACCES: permission denied, access '/usr/local/lib'
652 verbose cwd /home/pi
653 verbose Linux 4.19.75-v7+
654 verbose argv "/usr/bin/node" "/usr/bin/npm" "install" "pm2@latest" "-g"
655 verbose node v10.15.2
656 verbose npm  v5.8.0
657 error path /usr/local/lib
658 error code EACCES
659 error errno -13
660 error syscall access
661 error Error: EACCES: permission denied, access '/usr/local/lib'
661 error  { [Error: EACCES: permission denied, access '/usr/local/lib']
661 error   stack:
661 error    'Error: EACCES: permission denied, access \'/usr/local/lib\'',
661 error   errno: -13,
661 error   code: 'EACCES',
661 error   syscall: 'access',
661 error   path: '/usr/local/lib' }
662 error The operation was rejected by your operating system.
662 error It is likely you do not have the permissions to access this file as the current user
662 error
662 error If you believe this might be a permissions issue, please double-check the
662 error permissions of the file and its containing directories, or try running
662 error the command again as root/Administrator (though this is not recommended).
663 verbose exit [ -13, true ]
